<?xml version="1.0" encoding="UTF-8"?>
<!-- Generated by org.testng.reporters.JUnitXMLReporter -->
<testsuite ignored="0" hostname="Mrunal" failures="0" tests="1" name="Testonfirefox" time="0.275" errors="0" timestamp="2023-02-23T17:56:34 IST">
  <testcase classname="com.brideglabz.qa.launchparallelBrowser.LaunchFirefoxAndChromeTogether" name="@BeforeTest loginFFandCHROME" time="-1.677155194481E9">
    <failure type="org.testng.TestNGException" message="
Parameter &amp;apos;browser&amp;apos; is required by BeforeTest on method loginFFandCHROME but has not been marked @Optional or defined
in C:\Users\AZ\eclipse-workspace\DataDriven_Framework\testng3.xml">
      <![CDATA[org.testng.TestNGException: 
Parameter 'browser' is required by BeforeTest on method loginFFandCHROME but has not been marked @Optional or defined
in C:\Users\AZ\eclipse-workspace\DataDriven_Framework\testng3.xml
... Removed 21 stack frames]]>
    </failure>
  </testcase> <!-- @BeforeTest loginFFandCHROME -->
  <testcase classname="com.brideglabz.qa.launchparallelBrowser.LaunchFirefoxAndChromeTogether" name="@AfterTest teardown" time="-1.677155194729E9">
    <skipped/>
  </testcase> <!-- @AfterTest teardown -->
  <testcase classname="com.brideglabz.qa.launchparallelBrowser.LaunchFirefoxAndChromeTogether" name="test" time="0.0">
    <skipped/>
  </testcase> <!-- test -->
</testsuite> <!-- Testonfirefox -->
